This is pdfTeX, Version 3.141592653-2.6-1.40.23 (MiKTeX 21.10) (preloaded format=pdflatex 2021.12.2)  2 DEC 2021 20:18
entering extended mode
**./12_3_PCR.tex
(12_3_PCR.tex
LaTeX2e <2021-11-15>
L3 programming layer <2021-11-22> (C:\Program Files\MiKTeX 2.9\tex/latex/beamer
\beamer.cls
Document Class: beamer 2021/10/18 v3.64 A class for typesetting presentations
(C:\Program Files\MiKTeX 2.9\tex/latex/beamer\beamerbasemodes.sty (C:\Users\wel
ls\AppData\Roaming\MiKTeX\2.9\tex/latex/etoolbox\etoolbox.sty
Package: etoolbox 2018/08/19 v2.5f e-TeX tools for LaTeX (JAW)
\etb@tempcnta=\count183

! LaTeX Error: Command \AtBeginEnvironment already defined.
               Or name \end... illegal, see p.192 of the manual.

See the LaTeX manual or LaTeX Companion for explanation.
Type  H <return>  for immediate help.
 ...                                              
                                                  
l.1752   \csgappto{@begin@#1@hook}}
                                    
Here is how much of TeX's memory you used:
 374 strings out of 478647
 5717 string characters out of 2853058
 306694 words of memory out of 3000000
 18582 multiletter control sequences out of 15000+600000
 403430 words of font info for 27 fonts, out of 8000000 for 9000
 1141 hyphenation exceptions out of 8191
 56i,0n,62p,655b,17s stack positions out of 5000i,500n,10000p,200000b,80000s

!  ==> Fatal error occurred, no output PDF file produced!
